Determining if the pthread_create exist failed with the following output:
Change Dir: /home/polyu/catkin_rplidar_ws/build_isolated/hector_slam_example/CMakeFiles/CMakeTmp

Run Build Command:/usr/bin/make "cmTryCompileExec3765443648/fast"
/usr/bin/make -f CMakeFiles/cmTryCompileExec3765443648.dir/build.make CMakeFiles/cmTryCompileExec3765443648.dir/build
make[1]: Entering directory `/home/polyu/catkin_rplidar_ws/build_isolated/hector_slam_example/CMakeFiles/CMakeTmp'
/usr/bin/cmake -E cmake_progress_report /home/polyu/catkin_rplidar_ws/build_isolated/hector_slam_example/CMakeFiles/CMakeTmp/CMakeFiles 1
Building C object CMakeFiles/cmTryCompileExec3765443648.dir/CheckSymbolExists.c.o
/usr/bin/cc    -o CMakeFiles/cmTryCompileExec3765443648.dir/CheckSymbolExists.c.o   -c /home/polyu/catkin_rplidar_ws/build_isolated/hector_slam_example/CMakeFiles/CMakeTmp/CheckSymbolExists.c
Linking C executable cmTryCompileExec3765443648
/usr/bin/cmake -E cmake_link_script CMakeFiles/cmTryCompileExec3765443648.dir/link.txt --verbose=1
/usr/bin/cc       CMakeFiles/cmTryCompileExec3765443648.dir/CheckSymbolExists.c.o  -o cmTryCompileExec3765443648 -rdynamic 
CMakeFiles/cmTryCompileExec3765443648.dir/CheckSymbolExists.c.o: In function `main':
CheckSymbolExists.c:(.text+0x16): undefined reference to `pthread_create'
collect2: error: ld returned 1 exit status
make[1]: *** [cmTryCompileExec3765443648] Error 1
make[1]: Leaving directory `/home/polyu/catkin_rplidar_ws/build_isolated/hector_slam_example/CMakeFiles/CMakeTmp'
make: *** [cmTryCompileExec3765443648/fast] Error 2

File /home/polyu/catkin_rplidar_ws/build_isolated/hector_slam_example/CMakeFiles/CMakeTmp/CheckSymbolExists.c:
/* */
#include <pthread.h>

int main(int argc, char** argv)
{
  (void)argv;
#ifndef pthread_create
  return ((int*)(&pthread_create))[argc];
#else
  (void)argc;
  return 0;
#endif
}

Determining if the function pthread_create exists in the pthreads failed with the following output:
Change Dir: /home/polyu/catkin_rplidar_ws/build_isolated/hector_slam_example/CMakeFiles/CMakeTmp

Run Build Command:/usr/bin/make "cmTryCompileExec1263161721/fast"
/usr/bin/make -f CMakeFiles/cmTryCompileExec1263161721.dir/build.make CMakeFiles/cmTryCompileExec1263161721.dir/build
make[1]: Entering directory `/home/polyu/catkin_rplidar_ws/build_isolated/hector_slam_example/CMakeFiles/CMakeTmp'
/usr/bin/cmake -E cmake_progress_report /home/polyu/catkin_rplidar_ws/build_isolated/hector_slam_example/CMakeFiles/CMakeTmp/CMakeFiles 1
Building C object CMakeFiles/cmTryCompileExec1263161721.dir/CheckFunctionExists.c.o
/usr/bin/cc   -DCHECK_FUNCTION_EXISTS=pthread_create   -o CMakeFiles/cmTryCompileExec1263161721.dir/CheckFunctionExists.c.o   -c /usr/share/cmake-2.8/Modules/CheckFunctionExists.c
Linking C executable cmTryCompileExec1263161721
/usr/bin/cmake -E cmake_link_script CMakeFiles/cmTryCompileExec1263161721.dir/link.txt --verbose=1
/usr/bin/cc   -DCHECK_FUNCTION_EXISTS=pthread_create    CMakeFiles/cmTryCompileExec1263161721.dir/CheckFunctionExists.c.o  -o cmTryCompileExec1263161721 -rdynamic -lpthreads 
/usr/bin/ld: cannot find -lpthreads
collect2: error: ld returned 1 exit status
make[1]: *** [cmTryCompileExec1263161721] Error 1
make[1]: Leaving directory `/home/polyu/catkin_rplidar_ws/build_isolated/hector_slam_example/CMakeFiles/CMakeTmp'
make: *** [cmTryCompileExec1263161721/fast] Error 2


